<?xml version="1.0" encoding="UTF-8"?>
<!-- Generated by org.testng.reporters.JUnitReportReporter -->
<testsuite hostname="BuildSupply-PC9" failures="0" tests="1" name="done.mm.qa.testcases.LoginPageTest" time="14.368" errors="0" timestamp="2021-10-25T23:18:17 IST" skipped="0">
  <testcase classname="done.mm.qa.testcases.LoginPageTest" name="SignUp" time="14.368"/>
  <system-out/>
</testsuite> <!-- done.mm.qa.testcases.LoginPageTest -->
