<?xml version="1.0" encoding="UTF-8"?>
<!-- Generated by org.testng.reporters.JUnitReportReporter -->
<testsuite hostname="BuildSupply-PC9" failures="0" tests="1" name="done.mm.qa.testcases.CreateRfpTest" time="35.566" errors="0" timestamp="2021-11-04T16:24:16 IST" skipped="0">
  <testcase classname="done.mm.qa.testcases.CreateRfpTest" name="CreateRfp" time="35.566"/>
  <system-out/>
</testsuite> <!-- done.mm.qa.testcases.CreateRfpTest -->
