<?xml version="1.0" encoding="UTF-8"?>
<!-- Generated by org.testng.reporters.JUnitReportReporter -->
<testsuite hostname="BuildSupply-PC9" failures="0" tests="1" name="done.mm.qa.testcases.Receipt_Shortclose_PaymentTest" time="132.532" errors="0" timestamp="2021-10-26T13:18:48 IST" skipped="0">
  <testcase classname="done.mm.qa.testcases.Receipt_Shortclose_PaymentTest" name="Receipt_Shortclose_Payment" time="132.532"/>
  <system-out/>
</testsuite> <!-- done.mm.qa.testcases.Receipt_Shortclose_PaymentTest -->
